#! /usr/bin/vvp
:ivl_version "12.0 (stable)";
:ivl_delay_selection "TYPICAL";
:vpi_time_precision - 12;
:vpi_module "/usr/lib/x86_64-linux-gnu/ivl/system.vpi";
:vpi_module "/usr/lib/x86_64-linux-gnu/ivl/vhdl_sys.vpi";
:vpi_module "/usr/lib/x86_64-linux-gnu/ivl/vhdl_textio.vpi";
:vpi_module "/usr/lib/x86_64-linux-gnu/ivl/v2005_math.vpi";
:vpi_module "/usr/lib/x86_64-linux-gnu/ivl/va_math.vpi";
:vpi_module "/usr/lib/x86_64-linux-gnu/ivl/v2009.vpi";
S_0x561697bbb330 .scope package, "$unit" "$unit" 2 1;
 .timescale 0 0;
S_0x561697bbb4c0 .scope module, "tb_teclado_rx" "tb_teclado_rx" 3 3;
 .timescale -9 -12;
v0x561697bdb590_0 .var "clk", 0 0;
v0x561697bdb6e0_0 .net "cmd_id", 3 0, v0x561697bd9740_0;  1 drivers
v0x561697bdb7a0_0 .net "cmd_valid", 0 0, v0x561697bd98c0_0;  1 drivers
v0x561697bdb890_0 .var "rx", 0 0;
v0x561697bdb980_0 .net "x", 6 0, v0x561697bd9b60_0;  1 drivers
v0x561697bdbac0_0 .net "y", 6 0, v0x561697bd9c00_0;  1 drivers
S_0x561697bab090 .scope module, "dut" "top_teclado_rx" 3 14, 4 1 0, S_0x561697bbb4c0;
 .timescale -9 -12;
    .port_info 0 /INPUT 1 "clk";
    .port_info 1 /INPUT 1 "rx_bluetooth";
    .port_info 2 /OUTPUT 1 "cmd_valid";
    .port_info 3 /OUTPUT 4 "cmd_id";
    .port_info 4 /OUTPUT 7 "x";
    .port_info 5 /OUTPUT 7 "y";
v0x561697bda990_0 .net "byte_rx", 7 0, v0x561697bda5d0_0;  1 drivers
v0x561697bdaac0_0 .net "byte_valid", 0 0, v0x561697bda6e0_0;  1 drivers
v0x561697bdabd0_0 .net "clk", 0 0, v0x561697bdb590_0;  1 drivers
v0x561697bdac70_0 .net "cmd_id", 3 0, v0x561697bd9740_0;  alias, 1 drivers
v0x561697bdad10_0 .net "cmd_valid", 0 0, v0x561697bd98c0_0;  alias, 1 drivers
v0x561697bdae00_0 .net "line", 127 0, v0x561697bd8c00_0;  1 drivers
v0x561697bdaef0_0 .net "line_ready", 0 0, v0x561697bd8cc0_0;  1 drivers
v0x561697bdafe0_0 .net "rx_bluetooth", 0 0, v0x561697bdb890_0;  1 drivers
v0x561697bdb080_0 .net "x", 6 0, v0x561697bd9b60_0;  alias, 1 drivers
v0x561697bdb120_0 .net "y", 6 0, v0x561697bd9c00_0;  alias, 1 drivers
S_0x561697bab270 .scope module, "buf0" "line_buffer" 4 24, 5 1 0, S_0x561697bab090;
 .timescale -9 -12;
    .port_info 0 /INPUT 1 "clk";
    .port_info 1 /INPUT 8 "rx_char";
    .port_info 2 /INPUT 1 "rx_valid";
    .port_info 3 /OUTPUT 128 "line";
    .port_info 4 /OUTPUT 1 "line_ready";
v0x561697b9f920_0 .net "clk", 0 0, v0x561697bdb590_0;  alias, 1 drivers
v0x561697bd8b20_0 .var "index", 6 0;
v0x561697bd8c00_0 .var "line", 127 0;
v0x561697bd8cc0_0 .var "line_ready", 0 0;
v0x561697bd8d80_0 .net "rx_char", 7 0, v0x561697bda5d0_0;  alias, 1 drivers
v0x561697bd8eb0_0 .net "rx_valid", 0 0, v0x561697bda6e0_0;  alias, 1 drivers
E_0x561697ba1180 .event posedge, v0x561697b9f920_0;
S_0x561697bd9010 .scope module, "dec0" "command_decoder" 4 32, 6 1 0, S_0x561697bab090;
 .timescale -9 -12;
    .port_info 0 /INPUT 1 "clk";
    .port_info 1 /INPUT 128 "line";
    .port_info 2 /INPUT 1 "line_ready";
    .port_info 3 /OUTPUT 1 "cmd_valid";
    .port_info 4 /OUTPUT 4 "cmd_id";
    .port_info 5 /OUTPUT 7 "x";
    .port_info 6 /OUTPUT 7 "y";
v0x561697bd9680_0 .net "clk", 0 0, v0x561697bdb590_0;  alias, 1 drivers
v0x561697bd9740_0 .var "cmd_id", 3 0;
v0x561697bd9800_0 .var "cmd_str", 39 0;
v0x561697bd98c0_0 .var "cmd_valid", 0 0;
v0x561697bd9980_0 .net "line", 127 0, v0x561697bd8c00_0;  alias, 1 drivers
v0x561697bd9a90_0 .net "line_ready", 0 0, v0x561697bd8cc0_0;  alias, 1 drivers
v0x561697bd9b60_0 .var "x", 6 0;
v0x561697bd9c00_0 .var "y", 6 0;
S_0x561697bd92c0 .scope autofunction.vec4.s32, "str_hash" "str_hash" 6 11, 6 11 0, S_0x561697bd9010;
 .timescale -9 -12;
v0x561697bd94a0_0 .var "s", 39 0;
; Variable str_hash is vec4 return value of scope S_0x561697bd92c0
TD_tb_teclado_rx.dut.dec0.str_hash ;
    %load/vec4 v0x561697bd94a0_0;
    %dup/vec4;
    %pushi/vec4 1431314464, 0, 32; draw_string_vec4
    %pushi/vec4 32, 0, 8; draw_string_vec4
    %concat/vec4; draw_string_vec4
    %cmp/u;
    %jmp/1 T_0.0, 6;
    %dup/vec4;
    %pushi/vec4 1146050382, 0, 32; draw_string_vec4
    %pushi/vec4 32, 0, 8; draw_string_vec4
    %concat/vec4; draw_string_vec4
    %cmp/u;
    %jmp/1 T_0.1, 6;
    %dup/vec4;
    %pushi/vec4 1279608404, 0, 32; draw_string_vec4
    %pushi/vec4 32, 0, 8; draw_string_vec4
    %concat/vec4; draw_string_vec4
    %cmp/u;
    %jmp/1 T_0.2, 6;
    %dup/vec4;
    %pushi/vec4 1380534088, 0, 32; draw_string_vec4
    %pushi/vec4 84, 0, 8; draw_string_vec4
    %concat/vec4; draw_string_vec4
    %cmp/u;
    %jmp/1 T_0.3, 6;
    %dup/vec4;
    %pushi/vec4 1162761285, 0, 32; draw_string_vec4
    %pushi/vec4 82, 0, 8; draw_string_vec4
    %concat/vec4; draw_string_vec4
    %cmp/u;
    %jmp/1 T_0.4, 6;
    %dup/vec4;
    %pushi/vec4 1129270351, 0, 32; draw_string_vec4
    %pushi/vec4 82, 0, 8; draw_string_vec4
    %concat/vec4; draw_string_vec4
    %cmp/u;
    %jmp/1 T_0.5, 6;
    %dup/vec4;
    %pushi/vec4 1397052496, 0, 32; draw_string_vec4
    %pushi/vec4 88, 0, 8; draw_string_vec4
    %concat/vec4; draw_string_vec4
    %cmp/u;
    %jmp/1 T_0.6, 6;
    %pushi/vec4 0, 0, 32;
    %ret/vec4 0, 0, 32;  Assign to str_hash (store_vec4_to_lval)
    %jmp T_0.8;
T_0.0 ;
    %pushi/vec4 1, 0, 32;
    %ret/vec4 0, 0, 32;  Assign to str_hash (store_vec4_to_lval)
    %jmp T_0.8;
T_0.1 ;
    %pushi/vec4 2, 0, 32;
    %ret/vec4 0, 0, 32;  Assign to str_hash (store_vec4_to_lval)
    %jmp T_0.8;
T_0.2 ;
    %pushi/vec4 3, 0, 32;
    %ret/vec4 0, 0, 32;  Assign to str_hash (store_vec4_to_lval)
    %jmp T_0.8;
T_0.3 ;
    %pushi/vec4 4, 0, 32;
    %ret/vec4 0, 0, 32;  Assign to str_hash (store_vec4_to_lval)
    %jmp T_0.8;
T_0.4 ;
    %pushi/vec4 5, 0, 32;
    %ret/vec4 0, 0, 32;  Assign to str_hash (store_vec4_to_lval)
    %jmp T_0.8;
T_0.5 ;
    %pushi/vec4 6, 0, 32;
    %ret/vec4 0, 0, 32;  Assign to str_hash (store_vec4_to_lval)
    %jmp T_0.8;
T_0.6 ;
    %pushi/vec4 7, 0, 32;
    %ret/vec4 0, 0, 32;  Assign to str_hash (store_vec4_to_lval)
    %jmp T_0.8;
T_0.8 ;
    %pop/vec4 1;
    %end;
S_0x561697bd9dc0 .scope module, "uart0" "uart_rx" 4 14, 7 1 0, S_0x561697bab090;
 .timescale -9 -12;
    .port_info 0 /INPUT 1 "clk";
    .port_info 1 /INPUT 1 "rx";
    .port_info 2 /OUTPUT 8 "data_out";
    .port_info 3 /OUTPUT 1 "data_valid";
P_0x561697bd9fd0 .param/l "BAUD_RATE" 0 7 3, +C4<00000000000000000010010110000000>;
P_0x561697bda010 .param/l "CLKS_PER_BIT" 1 7 11, +C4<00000000000000000001010001011000>;
P_0x561697bda050 .param/l "CLK_FREQ" 0 7 2, +C4<00000010111110101111000010000000>;
v0x561697bda250_0 .var "bit_index", 3 0;
v0x561697bda330_0 .var "busy", 0 0;
v0x561697bda3f0_0 .net "clk", 0 0, v0x561697bdb590_0;  alias, 1 drivers
v0x561697bda510_0 .var "clk_count", 15 0;
v0x561697bda5d0_0 .var "data_out", 7 0;
v0x561697bda6e0_0 .var "data_valid", 0 0;
v0x561697bda780_0 .net "rx", 0 0, v0x561697bdb890_0;  alias, 1 drivers
v0x561697bda820_0 .var "rx_shift", 7 0;
S_0x561697bdb220 .scope task, "uart_send_byte" "uart_send_byte" 3 23, 3 23 0, S_0x561697bbb4c0;
 .timescale -9 -12;
v0x561697bdb3d0_0 .var "b", 7 0;
v0x561697bdb4b0_0 .var/i "i", 31 0;
TD_tb_teclado_rx.uart_send_byte ;
    %pushi/vec4 0, 0, 1;
    %store/vec4 v0x561697bdb890_0, 0, 1;
    %delay 104167000, 0;
    %pushi/vec4 0, 0, 32;
    %store/vec4 v0x561697bdb4b0_0, 0, 32;
T_1.9 ;
    %load/vec4 v0x561697bdb4b0_0;
    %cmpi/s 8, 0, 32;
    %jmp/0xz T_1.10, 5;
    %load/vec4 v0x561697bdb3d0_0;
    %load/vec4 v0x561697bdb4b0_0;
    %part/s 1;
    %store/vec4 v0x561697bdb890_0, 0, 1;
    %delay 104167000, 0;
    %load/vec4 v0x561697bdb4b0_0;
    %addi 1, 0, 32;
    %store/vec4 v0x561697bdb4b0_0, 0, 32;
    %jmp T_1.9;
T_1.10 ;
    %pushi/vec4 1, 0, 1;
    %store/vec4 v0x561697bdb890_0, 0, 1;
    %delay 104167000, 0;
    %end;
    .scope S_0x561697bd9dc0;
T_2 ;
    %pushi/vec4 0, 0, 16;
    %store/vec4 v0x561697bda510_0, 0, 16;
    %pushi/vec4 0, 0, 4;
    %store/vec4 v0x561697bda250_0, 0, 4;
    %pushi/vec4 0, 0, 8;
    %store/vec4 v0x561697bda820_0, 0, 8;
    %pushi/vec4 0, 0, 1;
    %store/vec4 v0x561697bda330_0, 0, 1;
    %end;
    .thread T_2, $init;
    .scope S_0x561697bd9dc0;
T_3 ;
    %wait E_0x561697ba1180;
    %load/vec4 v0x561697bda330_0;
    %nor/r;
    %flag_set/vec4 8;
    %jmp/0xz  T_3.0, 8;
    %load/vec4 v0x561697bda780_0;
    %pad/u 32;
    %cmpi/e 0, 0, 32;
    %jmp/0xz  T_3.2, 4;
    %pushi/vec4 1, 0, 1;
    %assign/vec4 v0x561697bda330_0, 0;
    %pushi/vec4 2604, 0, 16;
    %assign/vec4 v0x561697bda510_0, 0;
    %pushi/vec4 0, 0, 4;
    %assign/vec4 v0x561697bda250_0, 0;
T_3.2 ;
    %jmp T_3.1;
T_3.0 ;
    %load/vec4 v0x561697bda510_0;
    %pad/u 32;
    %cmpi/e 5208, 0, 32;
    %jmp/0xz  T_3.4, 4;
    %pushi/vec4 0, 0, 16;
    %assign/vec4 v0x561697bda510_0, 0;
    %load/vec4 v0x561697bda250_0;
    %pad/u 32;
    %cmpi/u 8, 0, 32;
    %jmp/0xz  T_3.6, 5;
    %load/vec4 v0x561697bda780_0;
    %ix/load 5, 0, 0;
    %ix/getv 4, v0x561697bda250_0;
    %assign/vec4/off/d v0x561697bda820_0, 4, 5;
    %load/vec4 v0x561697bda250_0;
    %addi 1, 0, 4;
    %assign/vec4 v0x561697bda250_0, 0;
    %jmp T_3.7;
T_3.6 ;
    %load/vec4 v0x561697bda820_0;
    %assign/vec4 v0x561697bda5d0_0, 0;
    %pushi/vec4 1, 0, 1;
    %assign/vec4 v0x561697bda6e0_0, 0;
    %pushi/vec4 0, 0, 1;
    %assign/vec4 v0x561697bda330_0, 0;
T_3.7 ;
    %jmp T_3.5;
T_3.4 ;
    %load/vec4 v0x561697bda510_0;
    %addi 1, 0, 16;
    %assign/vec4 v0x561697bda510_0, 0;
    %pushi/vec4 0, 0, 1;
    %assign/vec4 v0x561697bda6e0_0, 0;
T_3.5 ;
T_3.1 ;
    %jmp T_3;
    .thread T_3;
    .scope S_0x561697bab270;
T_4 ;
    %pushi/vec4 0, 0, 7;
    %store/vec4 v0x561697bd8b20_0, 0, 7;
    %end;
    .thread T_4, $init;
    .scope S_0x561697bab270;
T_5 ;
    %wait E_0x561697ba1180;
    %pushi/vec4 0, 0, 1;
    %assign/vec4 v0x561697bd8cc0_0, 0;
    %load/vec4 v0x561697bd8eb0_0;
    %flag_set/vec4 8;
    %jmp/0xz  T_5.0, 8;
    %load/vec4 v0x561697bd8d80_0;
    %cmpi/e 10, 0, 8;
    %jmp/0xz  T_5.2, 4;
    %pushi/vec4 1, 0, 1;
    %assign/vec4 v0x561697bd8cc0_0, 0;
    %pushi/vec4 0, 0, 7;
    %assign/vec4 v0x561697bd8b20_0, 0;
    %jmp T_5.3;
T_5.2 ;
    %load/vec4 v0x561697bd8d80_0;
    %ix/load 5, 0, 0;
    %load/vec4 v0x561697bd8b20_0;
    %pad/u 32;
    %muli 8, 0, 32;
    %ix/vec4 4;
    %assign/vec4/off/d v0x561697bd8c00_0, 4, 5;
    %load/vec4 v0x561697bd8b20_0;
    %addi 1, 0, 7;
    %assign/vec4 v0x561697bd8b20_0, 0;
T_5.3 ;
T_5.0 ;
    %jmp T_5;
    .thread T_5;
    .scope S_0x561697bd9010;
T_6 ;
    %wait E_0x561697ba1180;
    %pushi/vec4 0, 0, 1;
    %assign/vec4 v0x561697bd98c0_0, 0;
    %load/vec4 v0x561697bd9a90_0;
    %flag_set/vec4 8;
    %jmp/0xz  T_6.0, 8;
    %load/vec4 v0x561697bd9980_0;
    %parti/s 8, 32, 7;
    %load/vec4 v0x561697bd9980_0;
    %parti/s 8, 24, 6;
    %concat/vec4; draw_concat_vec4
    %load/vec4 v0x561697bd9980_0;
    %parti/s 8, 16, 6;
    %concat/vec4; draw_concat_vec4
    %load/vec4 v0x561697bd9980_0;
    %parti/s 8, 8, 5;
    %concat/vec4; draw_concat_vec4
    %load/vec4 v0x561697bd9980_0;
    %parti/s 8, 0, 2;
    %concat/vec4; draw_concat_vec4
    %store/vec4 v0x561697bd9800_0, 0, 40;
    %alloc S_0x561697bd92c0;
    %load/vec4 v0x561697bd9800_0;
    %store/vec4 v0x561697bd94a0_0, 0, 40;
    %callf/vec4 TD_tb_teclado_rx.dut.dec0.str_hash, S_0x561697bd92c0;
    %free S_0x561697bd92c0;
    %pad/u 4;
    %store/vec4 v0x561697bd9740_0, 0, 4;
    %load/vec4 v0x561697bd9980_0;
    %parti/s 8, 40, 7;
    %subi 48, 0, 8;
    %muli 10, 0, 8;
    %load/vec4 v0x561697bd9980_0;
    %parti/s 8, 48, 7;
    %subi 48, 0, 8;
    %add;
    %pad/u 7;
    %store/vec4 v0x561697bd9b60_0, 0, 7;
    %load/vec4 v0x561697bd9980_0;
    %parti/s 8, 56, 7;
    %subi 48, 0, 8;
    %muli 10, 0, 8;
    %load/vec4 v0x561697bd9980_0;
    %parti/s 8, 64, 8;
    %subi 48, 0, 8;
    %add;
    %pad/u 7;
    %store/vec4 v0x561697bd9c00_0, 0, 7;
    %pushi/vec4 1, 0, 1;
    %assign/vec4 v0x561697bd98c0_0, 0;
T_6.0 ;
    %jmp T_6;
    .thread T_6;
    .scope S_0x561697bbb4c0;
T_7 ;
    %pushi/vec4 0, 0, 1;
    %store/vec4 v0x561697bdb590_0, 0, 1;
    %pushi/vec4 1, 0, 1;
    %store/vec4 v0x561697bdb890_0, 0, 1;
    %end;
    .thread T_7, $init;
    .scope S_0x561697bbb4c0;
T_8 ;
    %delay 10000, 0;
    %load/vec4 v0x561697bdb590_0;
    %inv;
    %store/vec4 v0x561697bdb590_0, 0, 1;
    %jmp T_8;
    .thread T_8;
    .scope S_0x561697bbb4c0;
T_9 ;
    %delay 1000000000, 0;
    %pushi/vec4 85, 0, 8; draw_string_vec4
    %store/vec4 v0x561697bdb3d0_0, 0, 8;
    %fork TD_tb_teclado_rx.uart_send_byte, S_0x561697bdb220;
    %join;
    %pushi/vec4 80, 0, 8; draw_string_vec4
    %store/vec4 v0x561697bdb3d0_0, 0, 8;
    %fork TD_tb_teclado_rx.uart_send_byte, S_0x561697bdb220;
    %join;
    %pushi/vec4 44, 0, 8; draw_string_vec4
    %store/vec4 v0x561697bdb3d0_0, 0, 8;
    %fork TD_tb_teclado_rx.uart_send_byte, S_0x561697bdb220;
    %join;
    %pushi/vec4 49, 0, 8; draw_string_vec4
    %store/vec4 v0x561697bdb3d0_0, 0, 8;
    %fork TD_tb_teclado_rx.uart_send_byte, S_0x561697bdb220;
    %join;
    %pushi/vec4 50, 0, 8; draw_string_vec4
    %store/vec4 v0x561697bdb3d0_0, 0, 8;
    %fork TD_tb_teclado_rx.uart_send_byte, S_0x561697bdb220;
    %join;
    %pushi/vec4 44, 0, 8; draw_string_vec4
    %store/vec4 v0x561697bdb3d0_0, 0, 8;
    %fork TD_tb_teclado_rx.uart_send_byte, S_0x561697bdb220;
    %join;
    %pushi/vec4 52, 0, 8; draw_string_vec4
    %store/vec4 v0x561697bdb3d0_0, 0, 8;
    %fork TD_tb_teclado_rx.uart_send_byte, S_0x561697bdb220;
    %join;
    %pushi/vec4 10, 0, 8;
    %store/vec4 v0x561697bdb3d0_0, 0, 8;
    %fork TD_tb_teclado_rx.uart_send_byte, S_0x561697bdb220;
    %join;
    %delay 705032704, 1;
    %vpi_call/w 3 49 "$finish" {0 0 0};
    %end;
    .thread T_9;
    .scope S_0x561697bbb4c0;
T_10 ;
    %vpi_call/w 3 52 "$dumpfile", "dump.vcd" {0 0 0};
    %vpi_call/w 3 53 "$dumpvars", 32'sb00000000000000000000000000000000, S_0x561697bbb4c0 {0 0 0};
    %vpi_call/w 3 54 "$dumpvars", 32'sb00000000000000000000000000000001, S_0x561697bab090 {0 0 0};
    %end;
    .thread T_10;
# The file index is used to find the file name in the following table.
:file_names 8;
    "N/A";
    "<interactive>";
    "-";
    "tb_teclado_rx.sv";
    "top_teclado_rx.v";
    "line_buffer.v";
    "command_decoder.v";
    "uart_rx.v";
